2022-01-18 19:50:01,768 - root - Successfully started monitor
2022-01-20 16:47:53,742 - root - Successfully started monitor
2022-01-20 16:50:45,397 - root - Successfully started monitor
2022-01-20 16:50:45,401 - urllib3.connectionpool - Starting new HTTPS connection (1): discord.com:443
2022-01-20 16:50:45,740 - urllib3.connectionpool - https://discord.com:443 "POST /api/webhooks/932678139954475049/uGfr_H1cFQcHYGTiDHFwz5NinD2hh6TNP1ThT64kL66AiIu2vjh5i7NhqkxX1naZtzgY HTTP/1.1" 204 0
2022-01-20 16:50:45,743 - root - Payload delivered successfully, code 204.
2022-01-20 16:50:45,743 - urllib3.connectionpool - Starting new HTTPS connection (1): www.solebox.com:443
2022-01-20 16:50:46,153 - urllib3.connectionpool - https://www.solebox.com:443 "GET /IT/c/footwear?srule=standard&openCategory=true&sz=96 HTTP/1.1" 302 None
2022-01-20 16:50:46,296 - urllib3.connectionpool - https://www.solebox.com:443 "GET /on/demandware.store/Sites-solebox-Site/de_DE/PX-Show?url=aHR0cHM6Ly93d3cuc29sZWJveC5jb20vb24vZGVtYW5kd2FyZS5zdG9yZS9TaXRlcy1zb2xlYm94LVNpdGUvZGVfREUvUmVkaXJlY3RVUkwtU3RhcnQ%2Fc3J1bGU9c3RhbmRhcmQmb3BlbkNhdGVnb3J5PXRydWUmc3o9OTY%3D HTTP/1.1" 200 None
2022-01-20 16:50:46,299 - root - Successfully scraped site
2022-01-20 16:50:47,302 - urllib3.connectionpool - Starting new HTTPS connection (1): www.solebox.com:443
2022-01-20 16:50:47,590 - urllib3.connectionpool - https://www.solebox.com:443 "GET /IT/c/footwear?srule=standard&openCategory=true&sz=96 HTTP/1.1" 302 None
2022-01-20 16:50:47,701 - urllib3.connectionpool - https://www.solebox.com:443 "GET /on/demandware.store/Sites-solebox-Site/de_DE/PX-Show?url=aHR0cHM6Ly93d3cuc29sZWJveC5jb20vb24vZGVtYW5kd2FyZS5zdG9yZS9TaXRlcy1zb2xlYm94LVNpdGUvZGVfREUvUmVkaXJlY3RVUkwtU3RhcnQ%2Fc3J1bGU9c3RhbmRhcmQmb3BlbkNhdGVnb3J5PXRydWUmc3o9OTY%3D HTTP/1.1" 200 None
2022-01-20 16:50:47,705 - root - Successfully scraped site
2022-01-20 16:50:48,708 - urllib3.connectionpool - Starting new HTTPS connection (1): www.solebox.com:443
2022-01-20 16:50:49,228 - urllib3.connectionpool - https://www.solebox.com:443 "GET /IT/c/footwear?srule=standard&openCategory=true&sz=96 HTTP/1.1" 302 None
2022-01-20 16:50:49,461 - urllib3.connectionpool - https://www.solebox.com:443 "GET /on/demandware.store/Sites-solebox-Site/de_DE/PX-Show?url=aHR0cHM6Ly93d3cuc29sZWJveC5jb20vb24vZGVtYW5kd2FyZS5zdG9yZS9TaXRlcy1zb2xlYm94LVNpdGUvZGVfREUvUmVkaXJlY3RVUkwtU3RhcnQ%2Fc3J1bGU9c3RhbmRhcmQmb3BlbkNhdGVnb3J5PXRydWUmc3o9OTY%3D HTTP/1.1" 200 None
2022-01-20 16:50:49,464 - root - Successfully scraped site
2022-01-20 16:50:50,471 - urllib3.connectionpool - Starting new HTTPS connection (1): www.solebox.com:443
2022-01-20 16:50:50,777 - urllib3.connectionpool - https://www.solebox.com:443 "GET /IT/c/footwear?srule=standard&openCategory=true&sz=96 HTTP/1.1" 302 None
2022-01-20 16:50:50,925 - urllib3.connectionpool - https://www.solebox.com:443 "GET /on/demandware.store/Sites-solebox-Site/de_DE/PX-Show?url=aHR0cHM6Ly93d3cuc29sZWJveC5jb20vb24vZGVtYW5kd2FyZS5zdG9yZS9TaXRlcy1zb2xlYm94LVNpdGUvZGVfREUvUmVkaXJlY3RVUkwtU3RhcnQ%2Fc3J1bGU9c3RhbmRhcmQmb3BlbkNhdGVnb3J5PXRydWUmc3o9OTY%3D HTTP/1.1" 200 None
2022-01-20 16:50:50,928 - root - Successfully scraped site
2022-01-20 16:50:51,936 - urllib3.connectionpool - Starting new HTTPS connection (1): www.solebox.com:443
2022-01-20 16:50:52,234 - urllib3.connectionpool - https://www.solebox.com:443 "GET /IT/c/footwear?srule=standard&openCategory=true&sz=96 HTTP/1.1" 302 None
2022-01-20 16:50:52,367 - urllib3.connectionpool - https://www.solebox.com:443 "GET /on/demandware.store/Sites-solebox-Site/de_DE/PX-Show?url=aHR0cHM6Ly93d3cuc29sZWJveC5jb20vb24vZGVtYW5kd2FyZS5zdG9yZS9TaXRlcy1zb2xlYm94LVNpdGUvZGVfREUvUmVkaXJlY3RVUkwtU3RhcnQ%2Fc3J1bGU9c3RhbmRhcmQmb3BlbkNhdGVnb3J5PXRydWUmc3o9OTY%3D HTTP/1.1" 200 None
2022-01-20 16:50:52,370 - root - Successfully scraped site
2022-01-20 16:50:53,385 - urllib3.connectionpool - Starting new HTTPS connection (1): www.solebox.com:443
2022-01-20 16:50:53,773 - urllib3.connectionpool - https://www.solebox.com:443 "GET /IT/c/footwear?srule=standard&openCategory=true&sz=96 HTTP/1.1" 302 None
2022-01-20 16:50:53,930 - urllib3.connectionpool - https://www.solebox.com:443 "GET /on/demandware.store/Sites-solebox-Site/de_DE/PX-Show?url=aHR0cHM6Ly93d3cuc29sZWJveC5jb20vb24vZGVtYW5kd2FyZS5zdG9yZS9TaXRlcy1zb2xlYm94LVNpdGUvZGVfREUvUmVkaXJlY3RVUkwtU3RhcnQ%2Fc3J1bGU9c3RhbmRhcmQmb3BlbkNhdGVnb3J5PXRydWUmc3o9OTY%3D HTTP/1.1" 200 None
2022-01-20 16:50:53,933 - root - Successfully scraped site
2022-01-20 16:50:54,949 - urllib3.connectionpool - Starting new HTTPS connection (1): www.solebox.com:443
2022-01-20 16:50:55,199 - urllib3.connectionpool - https://www.solebox.com:443 "GET /IT/c/footwear?srule=standard&openCategory=true&sz=96 HTTP/1.1" 302 None
2022-01-20 16:50:55,335 - urllib3.connectionpool - https://www.solebox.com:443 "GET /on/demandware.store/Sites-solebox-Site/de_DE/PX-Show?url=aHR0cHM6Ly93d3cuc29sZWJveC5jb20vb24vZGVtYW5kd2FyZS5zdG9yZS9TaXRlcy1zb2xlYm94LVNpdGUvZGVfREUvUmVkaXJlY3RVUkwtU3RhcnQ%2Fc3J1bGU9c3RhbmRhcmQmb3BlbkNhdGVnb3J5PXRydWUmc3o9OTY%3D HTTP/1.1" 200 None
2022-01-20 16:50:55,338 - root - Successfully scraped site
2022-01-20 16:56:21,606 - root - Successfully started monitor
2022-01-20 16:56:21,609 - urllib3.connectionpool - Starting new HTTPS connection (1): discord.com:443
2022-01-20 16:56:21,939 - urllib3.connectionpool - https://discord.com:443 "POST /api/webhooks/932678139954475049/uGfr_H1cFQcHYGTiDHFwz5NinD2hh6TNP1ThT64kL66AiIu2vjh5i7NhqkxX1naZtzgY HTTP/1.1" 204 0
2022-01-20 16:56:21,941 - root - Payload delivered successfully, code 204.
2022-01-20 16:56:21,942 - urllib3.connectionpool - Starting new HTTPS connection (1): www.solebox.com:443
2022-01-20 16:56:22,234 - urllib3.connectionpool - https://www.solebox.com:443 "GET /en_IT/c/footwear?srule=standard&openCategory=true&sz=96 HTTP/1.1" 302 None
2022-01-20 16:56:22,405 - urllib3.connectionpool - https://www.solebox.com:443 "GET /on/demandware.store/Sites-solebox-Site/en_IT/PX-Show?url=aHR0cHM6Ly93d3cuc29sZWJveC5jb20vb24vZGVtYW5kd2FyZS5zdG9yZS9TaXRlcy1zb2xlYm94LVNpdGUvZW5fSVQvU2VhcmNoLVNob3c%2FY2dpZD1mb290d2VhciZzcnVsZT1zdGFuZGFyZCZvcGVuQ2F0ZWdvcnk9dHJ1ZSZzej05Ng%3D%3D HTTP/1.1" 200 None
2022-01-20 16:56:22,409 - root - Successfully scraped site
2022-01-20 16:56:23,424 - urllib3.connectionpool - Starting new HTTPS connection (1): www.solebox.com:443
2022-01-20 16:56:23,785 - urllib3.connectionpool - https://www.solebox.com:443 "GET /en_IT/c/footwear?srule=standard&openCategory=true&sz=96 HTTP/1.1" 302 None
2022-01-20 16:56:23,929 - urllib3.connectionpool - https://www.solebox.com:443 "GET /on/demandware.store/Sites-solebox-Site/en_IT/PX-Show?url=aHR0cHM6Ly93d3cuc29sZWJveC5jb20vb24vZGVtYW5kd2FyZS5zdG9yZS9TaXRlcy1zb2xlYm94LVNpdGUvZW5fSVQvU2VhcmNoLVNob3c%2FY2dpZD1mb290d2VhciZzcnVsZT1zdGFuZGFyZCZvcGVuQ2F0ZWdvcnk9dHJ1ZSZzej05Ng%3D%3D HTTP/1.1" 200 None
2022-01-20 16:56:23,932 - root - Successfully scraped site
2022-01-20 16:56:24,938 - urllib3.connectionpool - Starting new HTTPS connection (1): www.solebox.com:443
2022-01-20 16:56:25,210 - urllib3.connectionpool - https://www.solebox.com:443 "GET /en_IT/c/footwear?srule=standard&openCategory=true&sz=96 HTTP/1.1" 302 None
2022-01-20 16:56:25,293 - urllib3.connectionpool - https://www.solebox.com:443 "GET /on/demandware.store/Sites-solebox-Site/en_IT/PX-Show?url=aHR0cHM6Ly93d3cuc29sZWJveC5jb20vb24vZGVtYW5kd2FyZS5zdG9yZS9TaXRlcy1zb2xlYm94LVNpdGUvZW5fSVQvU2VhcmNoLVNob3c%2FY2dpZD1mb290d2VhciZzcnVsZT1zdGFuZGFyZCZvcGVuQ2F0ZWdvcnk9dHJ1ZSZzej05Ng%3D%3D HTTP/1.1" 200 None
2022-01-20 16:56:25,296 - root - Successfully scraped site
2022-01-20 16:56:26,307 - urllib3.connectionpool - Starting new HTTPS connection (1): www.solebox.com:443
2022-01-20 16:56:26,542 - urllib3.connectionpool - https://www.solebox.com:443 "GET /en_IT/c/footwear?srule=standard&openCategory=true&sz=96 HTTP/1.1" 302 None
2022-01-20 16:56:26,613 - urllib3.connectionpool - https://www.solebox.com:443 "GET /on/demandware.store/Sites-solebox-Site/en_IT/PX-Show?url=aHR0cHM6Ly93d3cuc29sZWJveC5jb20vb24vZGVtYW5kd2FyZS5zdG9yZS9TaXRlcy1zb2xlYm94LVNpdGUvZW5fSVQvU2VhcmNoLVNob3c%2FY2dpZD1mb290d2VhciZzcnVsZT1zdGFuZGFyZCZvcGVuQ2F0ZWdvcnk9dHJ1ZSZzej05Ng%3D%3D HTTP/1.1" 200 None
2022-01-20 16:56:26,616 - root - Successfully scraped site
2022-01-20 16:56:27,618 - urllib3.connectionpool - Starting new HTTPS connection (1): www.solebox.com:443
2022-01-20 16:56:27,858 - urllib3.connectionpool - https://www.solebox.com:443 "GET /en_IT/c/footwear?srule=standard&openCategory=true&sz=96 HTTP/1.1" 302 None
2022-01-20 16:56:27,945 - urllib3.connectionpool - https://www.solebox.com:443 "GET /on/demandware.store/Sites-solebox-Site/en_IT/PX-Show?url=aHR0cHM6Ly93d3cuc29sZWJveC5jb20vb24vZGVtYW5kd2FyZS5zdG9yZS9TaXRlcy1zb2xlYm94LVNpdGUvZW5fSVQvU2VhcmNoLVNob3c%2FY2dpZD1mb290d2VhciZzcnVsZT1zdGFuZGFyZCZvcGVuQ2F0ZWdvcnk9dHJ1ZSZzej05Ng%3D%3D HTTP/1.1" 200 None
2022-01-20 16:56:27,948 - root - Successfully scraped site
2022-01-20 16:56:28,962 - urllib3.connectionpool - Starting new HTTPS connection (1): www.solebox.com:443
2022-01-20 16:56:29,213 - urllib3.connectionpool - https://www.solebox.com:443 "GET /en_IT/c/footwear?srule=standard&openCategory=true&sz=96 HTTP/1.1" 302 None
2022-01-20 16:56:29,295 - urllib3.connectionpool - https://www.solebox.com:443 "GET /on/demandware.store/Sites-solebox-Site/en_IT/PX-Show?url=aHR0cHM6Ly93d3cuc29sZWJveC5jb20vb24vZGVtYW5kd2FyZS5zdG9yZS9TaXRlcy1zb2xlYm94LVNpdGUvZW5fSVQvU2VhcmNoLVNob3c%2FY2dpZD1mb290d2VhciZzcnVsZT1zdGFuZGFyZCZvcGVuQ2F0ZWdvcnk9dHJ1ZSZzej05Ng%3D%3D HTTP/1.1" 200 None
2022-01-20 16:56:29,298 - root - Successfully scraped site
2022-01-20 16:56:30,301 - urllib3.connectionpool - Starting new HTTPS connection (1): www.solebox.com:443
2022-01-20 16:56:30,532 - urllib3.connectionpool - https://www.solebox.com:443 "GET /en_IT/c/footwear?srule=standard&openCategory=true&sz=96 HTTP/1.1" 302 None
2022-01-20 16:56:30,629 - urllib3.connectionpool - https://www.solebox.com:443 "GET /on/demandware.store/Sites-solebox-Site/en_IT/PX-Show?url=aHR0cHM6Ly93d3cuc29sZWJveC5jb20vb24vZGVtYW5kd2FyZS5zdG9yZS9TaXRlcy1zb2xlYm94LVNpdGUvZW5fSVQvU2VhcmNoLVNob3c%2FY2dpZD1mb290d2VhciZzcnVsZT1zdGFuZGFyZCZvcGVuQ2F0ZWdvcnk9dHJ1ZSZzej05Ng%3D%3D HTTP/1.1" 200 None
2022-01-20 16:56:30,632 - root - Successfully scraped site
2022-01-20 16:56:31,642 - urllib3.connectionpool - Starting new HTTPS connection (1): www.solebox.com:443
2022-01-20 16:56:31,962 - urllib3.connectionpool - https://www.solebox.com:443 "GET /en_IT/c/footwear?srule=standard&openCategory=true&sz=96 HTTP/1.1" 302 None
2022-01-20 16:56:32,063 - urllib3.connectionpool - https://www.solebox.com:443 "GET /on/demandware.store/Sites-solebox-Site/en_IT/PX-Show?url=aHR0cHM6Ly93d3cuc29sZWJveC5jb20vb24vZGVtYW5kd2FyZS5zdG9yZS9TaXRlcy1zb2xlYm94LVNpdGUvZW5fSVQvU2VhcmNoLVNob3c%2FY2dpZD1mb290d2VhciZzcnVsZT1zdGFuZGFyZCZvcGVuQ2F0ZWdvcnk9dHJ1ZSZzej05Ng%3D%3D HTTP/1.1" 200 None
2022-01-20 16:56:32,067 - root - Successfully scraped site
2022-01-20 16:56:33,079 - urllib3.connectionpool - Starting new HTTPS connection (1): www.solebox.com:443
2022-01-20 16:56:33,435 - urllib3.connectionpool - https://www.solebox.com:443 "GET /en_IT/c/footwear?srule=standard&openCategory=true&sz=96 HTTP/1.1" 302 None
2022-01-20 16:56:33,547 - urllib3.connectionpool - https://www.solebox.com:443 "GET /on/demandware.store/Sites-solebox-Site/en_IT/PX-Show?url=aHR0cHM6Ly93d3cuc29sZWJveC5jb20vb24vZGVtYW5kd2FyZS5zdG9yZS9TaXRlcy1zb2xlYm94LVNpdGUvZW5fSVQvU2VhcmNoLVNob3c%2FY2dpZD1mb290d2VhciZzcnVsZT1zdGFuZGFyZCZvcGVuQ2F0ZWdvcnk9dHJ1ZSZzej05Ng%3D%3D HTTP/1.1" 200 None
2022-01-20 16:56:33,551 - root - Successfully scraped site
2022-01-20 16:56:34,553 - urllib3.connectionpool - Starting new HTTPS connection (1): www.solebox.com:443
2022-01-20 16:56:34,811 - urllib3.connectionpool - https://www.solebox.com:443 "GET /en_IT/c/footwear?srule=standard&openCategory=true&sz=96 HTTP/1.1" 302 None
2022-01-20 16:56:34,891 - urllib3.connectionpool - https://www.solebox.com:443 "GET /on/demandware.store/Sites-solebox-Site/en_IT/PX-Show?url=aHR0cHM6Ly93d3cuc29sZWJveC5jb20vb24vZGVtYW5kd2FyZS5zdG9yZS9TaXRlcy1zb2xlYm94LVNpdGUvZW5fSVQvU2VhcmNoLVNob3c%2FY2dpZD1mb290d2VhciZzcnVsZT1zdGFuZGFyZCZvcGVuQ2F0ZWdvcnk9dHJ1ZSZzej05Ng%3D%3D HTTP/1.1" 200 None
2022-01-20 16:56:34,894 - root - Successfully scraped site
2022-01-20 16:56:35,905 - urllib3.connectionpool - Starting new HTTPS connection (1): www.solebox.com:443
2022-01-20 16:56:36,283 - urllib3.connectionpool - https://www.solebox.com:443 "GET /en_IT/c/footwear?srule=standard&openCategory=true&sz=96 HTTP/1.1" 302 None
2022-01-20 16:56:36,367 - urllib3.connectionpool - https://www.solebox.com:443 "GET /on/demandware.store/Sites-solebox-Site/en_IT/PX-Show?url=aHR0cHM6Ly93d3cuc29sZWJveC5jb20vb24vZGVtYW5kd2FyZS5zdG9yZS9TaXRlcy1zb2xlYm94LVNpdGUvZW5fSVQvU2VhcmNoLVNob3c%2FY2dpZD1mb290d2VhciZzcnVsZT1zdGFuZGFyZCZvcGVuQ2F0ZWdvcnk9dHJ1ZSZzej05Ng%3D%3D HTTP/1.1" 200 None
2022-01-20 16:56:36,369 - root - Successfully scraped site
2022-01-20 16:56:37,385 - urllib3.connectionpool - Starting new HTTPS connection (1): www.solebox.com:443
2022-01-20 16:56:37,662 - urllib3.connectionpool - https://www.solebox.com:443 "GET /en_IT/c/footwear?srule=standard&openCategory=true&sz=96 HTTP/1.1" 302 None
2022-01-20 16:56:37,757 - urllib3.connectionpool - https://www.solebox.com:443 "GET /on/demandware.store/Sites-solebox-Site/en_IT/PX-Show?url=aHR0cHM6Ly93d3cuc29sZWJveC5jb20vb24vZGVtYW5kd2FyZS5zdG9yZS9TaXRlcy1zb2xlYm94LVNpdGUvZW5fSVQvU2VhcmNoLVNob3c%2FY2dpZD1mb290d2VhciZzcnVsZT1zdGFuZGFyZCZvcGVuQ2F0ZWdvcnk9dHJ1ZSZzej05Ng%3D%3D HTTP/1.1" 200 None
2022-01-20 16:56:37,761 - root - Successfully scraped site
2022-01-20 16:56:38,776 - urllib3.connectionpool - Starting new HTTPS connection (1): www.solebox.com:443
2022-01-20 16:56:39,003 - urllib3.connectionpool - https://www.solebox.com:443 "GET /en_IT/c/footwear?srule=standard&openCategory=true&sz=96 HTTP/1.1" 302 None
2022-01-20 16:56:39,086 - urllib3.connectionpool - https://www.solebox.com:443 "GET /on/demandware.store/Sites-solebox-Site/en_IT/PX-Show?url=aHR0cHM6Ly93d3cuc29sZWJveC5jb20vb24vZGVtYW5kd2FyZS5zdG9yZS9TaXRlcy1zb2xlYm94LVNpdGUvZW5fSVQvU2VhcmNoLVNob3c%2FY2dpZD1mb290d2VhciZzcnVsZT1zdGFuZGFyZCZvcGVuQ2F0ZWdvcnk9dHJ1ZSZzej05Ng%3D%3D HTTP/1.1" 200 None
2022-01-20 16:56:39,090 - root - Successfully scraped site
2022-01-20 17:19:13,739 - root - Successfully started monitor
2022-01-20 17:19:13,745 - urllib3.connectionpool - Starting new HTTPS connection (1): discord.com:443
2022-01-20 17:19:14,140 - urllib3.connectionpool - https://discord.com:443 "POST /api/webhooks/933754511917477948/0Ufga75knlXkNFHJw8A3DzCgxw75q-zUdUElxqJzHMkFHtfO5YHL1yKBmZh6A4oQQmzL HTTP/1.1" 204 0
2022-01-20 17:19:14,143 - root - Payload delivered successfully, code 204.
2022-01-20 17:19:14,145 - urllib3.connectionpool - Starting new HTTPS connection (1): www.solebox.com:443
2022-01-20 17:19:14,504 - urllib3.connectionpool - https://www.solebox.com:443 "GET /en_IT/c/footwear?srule=standard&openCategory=true&sz=96 HTTP/1.1" 302 None
2022-01-20 17:19:14,606 - urllib3.connectionpool - https://www.solebox.com:443 "GET /on/demandware.store/Sites-solebox-Site/en_IT/PX-Show?url=aHR0cHM6Ly93d3cuc29sZWJveC5jb20vb24vZGVtYW5kd2FyZS5zdG9yZS9TaXRlcy1zb2xlYm94LVNpdGUvZW5fSVQvU2VhcmNoLVNob3c%2FY2dpZD1mb290d2VhciZzcnVsZT1zdGFuZGFyZCZvcGVuQ2F0ZWdvcnk9dHJ1ZSZzej05Ng%3D%3D HTTP/1.1" 200 None
2022-01-20 17:19:14,614 - root - Successfully scraped site
2022-01-20 17:19:15,632 - urllib3.connectionpool - Starting new HTTPS connection (1): www.solebox.com:443
2022-01-20 17:19:16,148 - urllib3.connectionpool - https://www.solebox.com:443 "GET /en_IT/c/footwear?srule=standard&openCategory=true&sz=96 HTTP/1.1" 302 None
2022-01-20 17:19:16,276 - urllib3.connectionpool - https://www.solebox.com:443 "GET /on/demandware.store/Sites-solebox-Site/en_IT/PX-Show?url=aHR0cHM6Ly93d3cuc29sZWJveC5jb20vb24vZGVtYW5kd2FyZS5zdG9yZS9TaXRlcy1zb2xlYm94LVNpdGUvZW5fSVQvU2VhcmNoLVNob3c%2FY2dpZD1mb290d2VhciZzcnVsZT1zdGFuZGFyZCZvcGVuQ2F0ZWdvcnk9dHJ1ZSZzej05Ng%3D%3D HTTP/1.1" 200 None
2022-01-20 17:19:16,280 - root - Successfully scraped site
2022-01-20 17:19:17,292 - urllib3.connectionpool - Starting new HTTPS connection (1): www.solebox.com:443
2022-01-20 17:19:17,523 - urllib3.connectionpool - https://www.solebox.com:443 "GET /en_IT/c/footwear?srule=standard&openCategory=true&sz=96 HTTP/1.1" 302 None
2022-01-20 17:19:17,615 - urllib3.connectionpool - https://www.solebox.com:443 "GET /on/demandware.store/Sites-solebox-Site/en_IT/PX-Show?url=aHR0cHM6Ly93d3cuc29sZWJveC5jb20vb24vZGVtYW5kd2FyZS5zdG9yZS9TaXRlcy1zb2xlYm94LVNpdGUvZW5fSVQvU2VhcmNoLVNob3c%2FY2dpZD1mb290d2VhciZzcnVsZT1zdGFuZGFyZCZvcGVuQ2F0ZWdvcnk9dHJ1ZSZzej05Ng%3D%3D HTTP/1.1" 200 None
2022-01-20 17:19:17,619 - root - Successfully scraped site
2022-01-20 17:19:18,632 - urllib3.connectionpool - Starting new HTTPS connection (1): www.solebox.com:443
2022-01-20 17:19:18,980 - urllib3.connectionpool - https://www.solebox.com:443 "GET /en_IT/c/footwear?srule=standard&openCategory=true&sz=96 HTTP/1.1" 302 None
2022-01-20 17:19:19,086 - urllib3.connectionpool - https://www.solebox.com:443 "GET /on/demandware.store/Sites-solebox-Site/en_IT/PX-Show?url=aHR0cHM6Ly93d3cuc29sZWJveC5jb20vb24vZGVtYW5kd2FyZS5zdG9yZS9TaXRlcy1zb2xlYm94LVNpdGUvZW5fSVQvU2VhcmNoLVNob3c%2FY2dpZD1mb290d2VhciZzcnVsZT1zdGFuZGFyZCZvcGVuQ2F0ZWdvcnk9dHJ1ZSZzej05Ng%3D%3D HTTP/1.1" 200 None
2022-01-20 17:19:19,091 - root - Successfully scraped site
2022-01-20 17:19:20,117 - urllib3.connectionpool - Starting new HTTPS connection (1): www.solebox.com:443
2022-01-20 17:19:20,466 - urllib3.connectionpool - https://www.solebox.com:443 "GET /en_IT/c/footwear?srule=standard&openCategory=true&sz=96 HTTP/1.1" 302 None
2022-01-20 17:19:20,655 - urllib3.connectionpool - https://www.solebox.com:443 "GET /on/demandware.store/Sites-solebox-Site/en_IT/PX-Show?url=aHR0cHM6Ly93d3cuc29sZWJveC5jb20vb24vZGVtYW5kd2FyZS5zdG9yZS9TaXRlcy1zb2xlYm94LVNpdGUvZW5fSVQvU2VhcmNoLVNob3c%2FY2dpZD1mb290d2VhciZzcnVsZT1zdGFuZGFyZCZvcGVuQ2F0ZWdvcnk9dHJ1ZSZzej05Ng%3D%3D HTTP/1.1" 200 None
2022-01-20 17:19:20,659 - root - Successfully scraped site
2022-01-20 17:19:21,665 - urllib3.connectionpool - Starting new HTTPS connection (1): www.solebox.com:443
2022-01-20 17:19:22,053 - urllib3.connectionpool - https://www.solebox.com:443 "GET /en_IT/c/footwear?srule=standard&openCategory=true&sz=96 HTTP/1.1" 302 None
2022-01-20 17:19:22,177 - urllib3.connectionpool - https://www.solebox.com:443 "GET /on/demandware.store/Sites-solebox-Site/en_IT/PX-Show?url=aHR0cHM6Ly93d3cuc29sZWJveC5jb20vb24vZGVtYW5kd2FyZS5zdG9yZS9TaXRlcy1zb2xlYm94LVNpdGUvZW5fSVQvU2VhcmNoLVNob3c%2FY2dpZD1mb290d2VhciZzcnVsZT1zdGFuZGFyZCZvcGVuQ2F0ZWdvcnk9dHJ1ZSZzej05Ng%3D%3D HTTP/1.1" 200 None
2022-01-20 17:19:22,184 - root - Successfully scraped site
2022-01-20 17:19:23,192 - urllib3.connectionpool - Starting new HTTPS connection (1): www.solebox.com:443
2022-01-20 17:19:23,485 - urllib3.connectionpool - https://www.solebox.com:443 "GET /en_IT/c/footwear?srule=standard&openCategory=true&sz=96 HTTP/1.1" 302 None
2022-01-20 17:19:23,615 - urllib3.connectionpool - https://www.solebox.com:443 "GET /on/demandware.store/Sites-solebox-Site/en_IT/PX-Show?url=aHR0cHM6Ly93d3cuc29sZWJveC5jb20vb24vZGVtYW5kd2FyZS5zdG9yZS9TaXRlcy1zb2xlYm94LVNpdGUvZW5fSVQvU2VhcmNoLVNob3c%2FY2dpZD1mb290d2VhciZzcnVsZT1zdGFuZGFyZCZvcGVuQ2F0ZWdvcnk9dHJ1ZSZzej05Ng%3D%3D HTTP/1.1" 200 None
2022-01-20 17:19:23,620 - root - Successfully scraped site
2022-01-20 17:19:24,631 - urllib3.connectionpool - Starting new HTTPS connection (1): www.solebox.com:443
2022-01-20 17:19:24,847 - urllib3.connectionpool - https://www.solebox.com:443 "GET /en_IT/c/footwear?srule=standard&openCategory=true&sz=96 HTTP/1.1" 302 None
2022-01-20 17:19:24,927 - urllib3.connectionpool - https://www.solebox.com:443 "GET /on/demandware.store/Sites-solebox-Site/en_IT/PX-Show?url=aHR0cHM6Ly93d3cuc29sZWJveC5jb20vb24vZGVtYW5kd2FyZS5zdG9yZS9TaXRlcy1zb2xlYm94LVNpdGUvZW5fSVQvU2VhcmNoLVNob3c%2FY2dpZD1mb290d2VhciZzcnVsZT1zdGFuZGFyZCZvcGVuQ2F0ZWdvcnk9dHJ1ZSZzej05Ng%3D%3D HTTP/1.1" 200 None
2022-01-20 17:19:24,931 - root - Successfully scraped site
2022-01-20 17:19:25,943 - urllib3.connectionpool - Starting new HTTPS connection (1): www.solebox.com:443
2022-01-20 17:19:26,304 - urllib3.connectionpool - https://www.solebox.com:443 "GET /en_IT/c/footwear?srule=standard&openCategory=true&sz=96 HTTP/1.1" 302 None
2022-01-20 17:19:26,445 - urllib3.connectionpool - https://www.solebox.com:443 "GET /on/demandware.store/Sites-solebox-Site/en_IT/PX-Show?url=aHR0cHM6Ly93d3cuc29sZWJveC5jb20vb24vZGVtYW5kd2FyZS5zdG9yZS9TaXRlcy1zb2xlYm94LVNpdGUvZW5fSVQvU2VhcmNoLVNob3c%2FY2dpZD1mb290d2VhciZzcnVsZT1zdGFuZGFyZCZvcGVuQ2F0ZWdvcnk9dHJ1ZSZzej05Ng%3D%3D HTTP/1.1" 200 None
2022-01-20 17:19:26,450 - root - Successfully scraped site
2022-01-20 17:19:31,557 - root - Successfully started monitor
2022-01-20 17:19:31,562 - urllib3.connectionpool - Starting new HTTPS connection (1): discord.com:443
2022-01-20 17:19:31,864 - urllib3.connectionpool - https://discord.com:443 "POST /api/webhooks/933754511917477948/0Ufga75knlXkNFHJw8A3DzCgxw75q-zUdUElxqJzHMkFHtfO5YHL1yKBmZh6A4oQQmzL HTTP/1.1" 204 0
2022-01-20 17:19:31,866 - root - Payload delivered successfully, code 204.
2022-01-20 17:19:31,868 - urllib3.connectionpool - Starting new HTTPS connection (1): www.solebox.com:443
2022-01-20 17:19:32,182 - urllib3.connectionpool - https://www.solebox.com:443 "GET /en_IT/c/footwear?srule=standard&openCategory=true&sz=96 HTTP/1.1" 302 None
2022-01-20 17:19:32,299 - urllib3.connectionpool - https://www.solebox.com:443 "GET /on/demandware.store/Sites-solebox-Site/en_IT/PX-Show?url=aHR0cHM6Ly93d3cuc29sZWJveC5jb20vb24vZGVtYW5kd2FyZS5zdG9yZS9TaXRlcy1zb2xlYm94LVNpdGUvZW5fSVQvU2VhcmNoLVNob3c%2FY2dpZD1mb290d2VhciZzcnVsZT1zdGFuZGFyZCZvcGVuQ2F0ZWdvcnk9dHJ1ZSZzej05Ng%3D%3D HTTP/1.1" 200 None
2022-01-20 17:19:32,303 - root - Successfully scraped site
2022-01-20 17:19:33,318 - urllib3.connectionpool - Starting new HTTPS connection (1): www.solebox.com:443
2022-01-20 17:19:33,762 - urllib3.connectionpool - https://www.solebox.com:443 "GET /en_IT/c/footwear?srule=standard&openCategory=true&sz=96 HTTP/1.1" 302 None
2022-01-20 17:19:33,911 - urllib3.connectionpool - https://www.solebox.com:443 "GET /on/demandware.store/Sites-solebox-Site/en_IT/PX-Show?url=aHR0cHM6Ly93d3cuc29sZWJveC5jb20vb24vZGVtYW5kd2FyZS5zdG9yZS9TaXRlcy1zb2xlYm94LVNpdGUvZW5fSVQvU2VhcmNoLVNob3c%2FY2dpZD1mb290d2VhciZzcnVsZT1zdGFuZGFyZCZvcGVuQ2F0ZWdvcnk9dHJ1ZSZzej05Ng%3D%3D HTTP/1.1" 200 None
2022-01-20 17:19:33,916 - root - Successfully scraped site
2022-01-20 17:19:34,929 - urllib3.connectionpool - Starting new HTTPS connection (1): www.solebox.com:443
2022-01-20 17:19:35,233 - urllib3.connectionpool - https://www.solebox.com:443 "GET /en_IT/c/footwear?srule=standard&openCategory=true&sz=96 HTTP/1.1" 302 None
2022-01-20 17:19:35,327 - urllib3.connectionpool - https://www.solebox.com:443 "GET /on/demandware.store/Sites-solebox-Site/en_IT/PX-Show?url=aHR0cHM6Ly93d3cuc29sZWJveC5jb20vb24vZGVtYW5kd2FyZS5zdG9yZS9TaXRlcy1zb2xlYm94LVNpdGUvZW5fSVQvU2VhcmNoLVNob3c%2FY2dpZD1mb290d2VhciZzcnVsZT1zdGFuZGFyZCZvcGVuQ2F0ZWdvcnk9dHJ1ZSZzej05Ng%3D%3D HTTP/1.1" 200 None
2022-01-20 17:19:35,335 - root - Successfully scraped site
2022-01-20 17:19:36,349 - urllib3.connectionpool - Starting new HTTPS connection (1): www.solebox.com:443
2022-01-20 17:19:36,693 - urllib3.connectionpool - https://www.solebox.com:443 "GET /en_IT/c/footwear?srule=standard&openCategory=true&sz=96 HTTP/1.1" 302 None
2022-01-20 17:19:36,791 - urllib3.connectionpool - https://www.solebox.com:443 "GET /on/demandware.store/Sites-solebox-Site/en_IT/PX-Show?url=aHR0cHM6Ly93d3cuc29sZWJveC5jb20vb24vZGVtYW5kd2FyZS5zdG9yZS9TaXRlcy1zb2xlYm94LVNpdGUvZW5fSVQvU2VhcmNoLVNob3c%2FY2dpZD1mb290d2VhciZzcnVsZT1zdGFuZGFyZCZvcGVuQ2F0ZWdvcnk9dHJ1ZSZzej05Ng%3D%3D HTTP/1.1" 200 None
2022-01-20 17:19:36,795 - root - Successfully scraped site
2022-01-20 17:19:37,806 - urllib3.connectionpool - Starting new HTTPS connection (1): www.solebox.com:443
2022-01-20 17:19:38,147 - urllib3.connectionpool - https://www.solebox.com:443 "GET /en_IT/c/footwear?srule=standard&openCategory=true&sz=96 HTTP/1.1" 302 None
2022-01-20 17:19:38,236 - urllib3.connectionpool - https://www.solebox.com:443 "GET /on/demandware.store/Sites-solebox-Site/en_IT/PX-Show?url=aHR0cHM6Ly93d3cuc29sZWJveC5jb20vb24vZGVtYW5kd2FyZS5zdG9yZS9TaXRlcy1zb2xlYm94LVNpdGUvZW5fSVQvU2VhcmNoLVNob3c%2FY2dpZD1mb290d2VhciZzcnVsZT1zdGFuZGFyZCZvcGVuQ2F0ZWdvcnk9dHJ1ZSZzej05Ng%3D%3D HTTP/1.1" 200 None
2022-01-20 17:19:38,242 - root - Successfully scraped site
2022-01-20 17:19:39,256 - urllib3.connectionpool - Starting new HTTPS connection (1): www.solebox.com:443
2022-01-20 17:19:39,544 - urllib3.connectionpool - https://www.solebox.com:443 "GET /en_IT/c/footwear?srule=standard&openCategory=true&sz=96 HTTP/1.1" 302 None
2022-01-20 17:19:39,749 - urllib3.connectionpool - https://www.solebox.com:443 "GET /on/demandware.store/Sites-solebox-Site/en_IT/PX-Show?url=aHR0cHM6Ly93d3cuc29sZWJveC5jb20vb24vZGVtYW5kd2FyZS5zdG9yZS9TaXRlcy1zb2xlYm94LVNpdGUvZW5fSVQvU2VhcmNoLVNob3c%2FY2dpZD1mb290d2VhciZzcnVsZT1zdGFuZGFyZCZvcGVuQ2F0ZWdvcnk9dHJ1ZSZzej05Ng%3D%3D HTTP/1.1" 200 None
2022-01-20 17:19:39,752 - root - Successfully scraped site
2022-01-20 17:19:40,755 - urllib3.connectionpool - Starting new HTTPS connection (1): www.solebox.com:443
2022-01-20 17:19:41,048 - urllib3.connectionpool - https://www.solebox.com:443 "GET /en_IT/c/footwear?srule=standard&openCategory=true&sz=96 HTTP/1.1" 302 None
2022-01-20 17:19:41,147 - urllib3.connectionpool - https://www.solebox.com:443 "GET /on/demandware.store/Sites-solebox-Site/en_IT/PX-Show?url=aHR0cHM6Ly93d3cuc29sZWJveC5jb20vb24vZGVtYW5kd2FyZS5zdG9yZS9TaXRlcy1zb2xlYm94LVNpdGUvZW5fSVQvU2VhcmNoLVNob3c%2FY2dpZD1mb290d2VhciZzcnVsZT1zdGFuZGFyZCZvcGVuQ2F0ZWdvcnk9dHJ1ZSZzej05Ng%3D%3D HTTP/1.1" 200 None
2022-01-20 17:19:41,152 - root - Successfully scraped site
2022-01-20 17:19:42,164 - urllib3.connectionpool - Starting new HTTPS connection (1): www.solebox.com:443
2022-01-20 17:19:42,391 - urllib3.connectionpool - https://www.solebox.com:443 "GET /en_IT/c/footwear?srule=standard&openCategory=true&sz=96 HTTP/1.1" 302 None
2022-01-20 17:19:42,590 - urllib3.connectionpool - https://www.solebox.com:443 "GET /on/demandware.store/Sites-solebox-Site/en_IT/PX-Show?url=aHR0cHM6Ly93d3cuc29sZWJveC5jb20vb24vZGVtYW5kd2FyZS5zdG9yZS9TaXRlcy1zb2xlYm94LVNpdGUvZW5fSVQvU2VhcmNoLVNob3c%2FY2dpZD1mb290d2VhciZzcnVsZT1zdGFuZGFyZCZvcGVuQ2F0ZWdvcnk9dHJ1ZSZzej05Ng%3D%3D HTTP/1.1" 200 None
2022-01-20 17:19:42,594 - root - Successfully scraped site
2022-01-20 17:19:43,600 - urllib3.connectionpool - Starting new HTTPS connection (1): www.solebox.com:443
2022-01-20 17:19:43,812 - urllib3.connectionpool - https://www.solebox.com:443 "GET /en_IT/c/footwear?srule=standard&openCategory=true&sz=96 HTTP/1.1" 302 None
2022-01-20 17:19:43,914 - urllib3.connectionpool - https://www.solebox.com:443 "GET /on/demandware.store/Sites-solebox-Site/en_IT/PX-Show?url=aHR0cHM6Ly93d3cuc29sZWJveC5jb20vb24vZGVtYW5kd2FyZS5zdG9yZS9TaXRlcy1zb2xlYm94LVNpdGUvZW5fSVQvU2VhcmNoLVNob3c%2FY2dpZD1mb290d2VhciZzcnVsZT1zdGFuZGFyZCZvcGVuQ2F0ZWdvcnk9dHJ1ZSZzej05Ng%3D%3D HTTP/1.1" 200 None
2022-01-20 17:19:43,918 - root - Successfully scraped site
2022-01-20 17:19:44,926 - urllib3.connectionpool - Starting new HTTPS connection (1): www.solebox.com:443
2022-01-20 17:19:45,124 - urllib3.connectionpool - https://www.solebox.com:443 "GET /en_IT/c/footwear?srule=standard&openCategory=true&sz=96 HTTP/1.1" 302 None
2022-01-20 17:19:45,233 - urllib3.connectionpool - https://www.solebox.com:443 "GET /on/demandware.store/Sites-solebox-Site/en_IT/PX-Show?url=aHR0cHM6Ly93d3cuc29sZWJveC5jb20vb24vZGVtYW5kd2FyZS5zdG9yZS9TaXRlcy1zb2xlYm94LVNpdGUvZW5fSVQvU2VhcmNoLVNob3c%2FY2dpZD1mb290d2VhciZzcnVsZT1zdGFuZGFyZCZvcGVuQ2F0ZWdvcnk9dHJ1ZSZzej05Ng%3D%3D HTTP/1.1" 200 None
2022-01-20 17:19:45,236 - root - Successfully scraped site
2022-01-20 17:19:46,261 - urllib3.connectionpool - Starting new HTTPS connection (1): www.solebox.com:443
2022-01-20 17:19:46,559 - urllib3.connectionpool - https://www.solebox.com:443 "GET /en_IT/c/footwear?srule=standard&openCategory=true&sz=96 HTTP/1.1" 302 None
2022-01-20 17:19:46,667 - urllib3.connectionpool - https://www.solebox.com:443 "GET /on/demandware.store/Sites-solebox-Site/en_IT/PX-Show?url=aHR0cHM6Ly93d3cuc29sZWJveC5jb20vb24vZGVtYW5kd2FyZS5zdG9yZS9TaXRlcy1zb2xlYm94LVNpdGUvZW5fSVQvU2VhcmNoLVNob3c%2FY2dpZD1mb290d2VhciZzcnVsZT1zdGFuZGFyZCZvcGVuQ2F0ZWdvcnk9dHJ1ZSZzej05Ng%3D%3D HTTP/1.1" 200 None
2022-01-20 17:19:46,677 - root - Successfully scraped site
2022-01-20 17:19:47,686 - urllib3.connectionpool - Starting new HTTPS connection (1): www.solebox.com:443
2022-01-20 17:19:47,917 - urllib3.connectionpool - https://www.solebox.com:443 "GET /en_IT/c/footwear?srule=standard&openCategory=true&sz=96 HTTP/1.1" 302 None
2022-01-20 17:19:48,014 - urllib3.connectionpool - https://www.solebox.com:443 "GET /on/demandware.store/Sites-solebox-Site/en_IT/PX-Show?url=aHR0cHM6Ly93d3cuc29sZWJveC5jb20vb24vZGVtYW5kd2FyZS5zdG9yZS9TaXRlcy1zb2xlYm94LVNpdGUvZW5fSVQvU2VhcmNoLVNob3c%2FY2dpZD1mb290d2VhciZzcnVsZT1zdGFuZGFyZCZvcGVuQ2F0ZWdvcnk9dHJ1ZSZzej05Ng%3D%3D HTTP/1.1" 200 None
2022-01-20 17:19:48,019 - root - Successfully scraped site
2022-01-20 17:19:49,036 - urllib3.connectionpool - Starting new HTTPS connection (1): www.solebox.com:443
2022-01-20 17:19:49,332 - urllib3.connectionpool - https://www.solebox.com:443 "GET /en_IT/c/footwear?srule=standard&openCategory=true&sz=96 HTTP/1.1" 302 None
2022-01-20 17:19:49,442 - urllib3.connectionpool - https://www.solebox.com:443 "GET /on/demandware.store/Sites-solebox-Site/en_IT/PX-Show?url=aHR0cHM6Ly93d3cuc29sZWJveC5jb20vb24vZGVtYW5kd2FyZS5zdG9yZS9TaXRlcy1zb2xlYm94LVNpdGUvZW5fSVQvU2VhcmNoLVNob3c%2FY2dpZD1mb290d2VhciZzcnVsZT1zdGFuZGFyZCZvcGVuQ2F0ZWdvcnk9dHJ1ZSZzej05Ng%3D%3D HTTP/1.1" 200 None
2022-01-20 17:19:49,446 - root - Successfully scraped site
2022-01-20 17:19:50,460 - urllib3.connectionpool - Starting new HTTPS connection (1): www.solebox.com:443
2022-01-20 17:19:50,749 - urllib3.connectionpool - https://www.solebox.com:443 "GET /en_IT/c/footwear?srule=standard&openCategory=true&sz=96 HTTP/1.1" 302 None
2022-01-20 17:19:50,885 - urllib3.connectionpool - https://www.solebox.com:443 "GET /on/demandware.store/Sites-solebox-Site/en_IT/PX-Show?url=aHR0cHM6Ly93d3cuc29sZWJveC5jb20vb24vZGVtYW5kd2FyZS5zdG9yZS9TaXRlcy1zb2xlYm94LVNpdGUvZW5fSVQvU2VhcmNoLVNob3c%2FY2dpZD1mb290d2VhciZzcnVsZT1zdGFuZGFyZCZvcGVuQ2F0ZWdvcnk9dHJ1ZSZzej05Ng%3D%3D HTTP/1.1" 200 None
2022-01-20 17:19:50,889 - root - Successfully scraped site
2022-01-20 17:19:51,896 - urllib3.connectionpool - Starting new HTTPS connection (1): www.solebox.com:443
2022-01-20 17:19:52,112 - urllib3.connectionpool - https://www.solebox.com:443 "GET /en_IT/c/footwear?srule=standard&openCategory=true&sz=96 HTTP/1.1" 302 None
2022-01-20 17:19:52,228 - urllib3.connectionpool - https://www.solebox.com:443 "GET /on/demandware.store/Sites-solebox-Site/en_IT/PX-Show?url=aHR0cHM6Ly93d3cuc29sZWJveC5jb20vb24vZGVtYW5kd2FyZS5zdG9yZS9TaXRlcy1zb2xlYm94LVNpdGUvZW5fSVQvU2VhcmNoLVNob3c%2FY2dpZD1mb290d2VhciZzcnVsZT1zdGFuZGFyZCZvcGVuQ2F0ZWdvcnk9dHJ1ZSZzej05Ng%3D%3D HTTP/1.1" 200 None
2022-01-20 17:19:52,233 - root - Successfully scraped site
2022-01-20 17:19:53,242 - urllib3.connectionpool - Starting new HTTPS connection (1): www.solebox.com:443
2022-01-20 17:19:53,461 - urllib3.connectionpool - https://www.solebox.com:443 "GET /en_IT/c/footwear?srule=standard&openCategory=true&sz=96 HTTP/1.1" 302 None
2022-01-20 17:19:53,679 - urllib3.connectionpool - https://www.solebox.com:443 "GET /on/demandware.store/Sites-solebox-Site/en_IT/PX-Show?url=aHR0cHM6Ly93d3cuc29sZWJveC5jb20vb24vZGVtYW5kd2FyZS5zdG9yZS9TaXRlcy1zb2xlYm94LVNpdGUvZW5fSVQvU2VhcmNoLVNob3c%2FY2dpZD1mb290d2VhciZzcnVsZT1zdGFuZGFyZCZvcGVuQ2F0ZWdvcnk9dHJ1ZSZzej05Ng%3D%3D HTTP/1.1" 200 None
2022-01-20 17:19:53,684 - root - Successfully scraped site
2022-01-20 17:19:54,693 - urllib3.connectionpool - Starting new HTTPS connection (1): www.solebox.com:443
2022-01-20 17:19:54,999 - urllib3.connectionpool - https://www.solebox.com:443 "GET /en_IT/c/footwear?srule=standard&openCategory=true&sz=96 HTTP/1.1" 302 None
2022-01-20 17:19:55,117 - urllib3.connectionpool - https://www.solebox.com:443 "GET /on/demandware.store/Sites-solebox-Site/en_IT/PX-Show?url=aHR0cHM6Ly93d3cuc29sZWJveC5jb20vb24vZGVtYW5kd2FyZS5zdG9yZS9TaXRlcy1zb2xlYm94LVNpdGUvZW5fSVQvU2VhcmNoLVNob3c%2FY2dpZD1mb290d2VhciZzcnVsZT1zdGFuZGFyZCZvcGVuQ2F0ZWdvcnk9dHJ1ZSZzej05Ng%3D%3D HTTP/1.1" 200 None
2022-01-20 17:19:55,122 - root - Successfully scraped site
2022-01-20 17:19:56,131 - urllib3.connectionpool - Starting new HTTPS connection (1): www.solebox.com:443
2022-01-20 17:19:56,345 - urllib3.connectionpool - https://www.solebox.com:443 "GET /en_IT/c/footwear?srule=standard&openCategory=true&sz=96 HTTP/1.1" 302 None
2022-01-20 17:19:56,450 - urllib3.connectionpool - https://www.solebox.com:443 "GET /on/demandware.store/Sites-solebox-Site/en_IT/PX-Show?url=aHR0cHM6Ly93d3cuc29sZWJveC5jb20vb24vZGVtYW5kd2FyZS5zdG9yZS9TaXRlcy1zb2xlYm94LVNpdGUvZW5fSVQvU2VhcmNoLVNob3c%2FY2dpZD1mb290d2VhciZzcnVsZT1zdGFuZGFyZCZvcGVuQ2F0ZWdvcnk9dHJ1ZSZzej05Ng%3D%3D HTTP/1.1" 200 None
2022-01-20 17:19:56,455 - root - Successfully scraped site
2022-01-20 17:19:57,462 - urllib3.connectionpool - Starting new HTTPS connection (1): www.solebox.com:443
2022-01-20 17:19:57,714 - urllib3.connectionpool - https://www.solebox.com:443 "GET /en_IT/c/footwear?srule=standard&openCategory=true&sz=96 HTTP/1.1" 302 None
2022-01-20 17:19:57,801 - urllib3.connectionpool - https://www.solebox.com:443 "GET /on/demandware.store/Sites-solebox-Site/en_IT/PX-Show?url=aHR0cHM6Ly93d3cuc29sZWJveC5jb20vb24vZGVtYW5kd2FyZS5zdG9yZS9TaXRlcy1zb2xlYm94LVNpdGUvZW5fSVQvU2VhcmNoLVNob3c%2FY2dpZD1mb290d2VhciZzcnVsZT1zdGFuZGFyZCZvcGVuQ2F0ZWdvcnk9dHJ1ZSZzej05Ng%3D%3D HTTP/1.1" 200 None
2022-01-20 17:19:57,812 - root - Successfully scraped site
2022-01-20 17:19:58,818 - urllib3.connectionpool - Starting new HTTPS connection (1): www.solebox.com:443
2022-01-20 17:19:59,134 - urllib3.connectionpool - https://www.solebox.com:443 "GET /en_IT/c/footwear?srule=standard&openCategory=true&sz=96 HTTP/1.1" 302 None
2022-01-20 17:19:59,247 - urllib3.connectionpool - https://www.solebox.com:443 "GET /on/demandware.store/Sites-solebox-Site/en_IT/PX-Show?url=aHR0cHM6Ly93d3cuc29sZWJveC5jb20vb24vZGVtYW5kd2FyZS5zdG9yZS9TaXRlcy1zb2xlYm94LVNpdGUvZW5fSVQvU2VhcmNoLVNob3c%2FY2dpZD1mb290d2VhciZzcnVsZT1zdGFuZGFyZCZvcGVuQ2F0ZWdvcnk9dHJ1ZSZzej05Ng%3D%3D HTTP/1.1" 200 None
2022-01-20 17:19:59,252 - root - Successfully scraped site
2022-01-20 17:20:00,261 - urllib3.connectionpool - Starting new HTTPS connection (1): www.solebox.com:443
2022-01-20 17:20:00,495 - urllib3.connectionpool - https://www.solebox.com:443 "GET /en_IT/c/footwear?srule=standard&openCategory=true&sz=96 HTTP/1.1" 302 None
2022-01-20 17:20:00,586 - urllib3.connectionpool - https://www.solebox.com:443 "GET /on/demandware.store/Sites-solebox-Site/en_IT/PX-Show?url=aHR0cHM6Ly93d3cuc29sZWJveC5jb20vb24vZGVtYW5kd2FyZS5zdG9yZS9TaXRlcy1zb2xlYm94LVNpdGUvZW5fSVQvU2VhcmNoLVNob3c%2FY2dpZD1mb290d2VhciZzcnVsZT1zdGFuZGFyZCZvcGVuQ2F0ZWdvcnk9dHJ1ZSZzej05Ng%3D%3D HTTP/1.1" 200 None
2022-01-20 17:20:00,591 - root - Successfully scraped site
2022-01-20 17:20:01,604 - urllib3.connectionpool - Starting new HTTPS connection (1): www.solebox.com:443
2022-01-20 17:20:01,944 - urllib3.connectionpool - https://www.solebox.com:443 "GET /en_IT/c/footwear?srule=standard&openCategory=true&sz=96 HTTP/1.1" 302 None
2022-01-20 17:20:02,122 - urllib3.connectionpool - https://www.solebox.com:443 "GET /on/demandware.store/Sites-solebox-Site/en_IT/PX-Show?url=aHR0cHM6Ly93d3cuc29sZWJveC5jb20vb24vZGVtYW5kd2FyZS5zdG9yZS9TaXRlcy1zb2xlYm94LVNpdGUvZW5fSVQvU2VhcmNoLVNob3c%2FY2dpZD1mb290d2VhciZzcnVsZT1zdGFuZGFyZCZvcGVuQ2F0ZWdvcnk9dHJ1ZSZzej05Ng%3D%3D HTTP/1.1" 200 None
2022-01-20 17:20:02,126 - root - Successfully scraped site
2022-01-20 17:20:03,367 - urllib3.connectionpool - Starting new HTTPS connection (1): www.solebox.com:443
2022-01-20 17:20:03,712 - urllib3.connectionpool - https://www.solebox.com:443 "GET /en_IT/c/footwear?srule=standard&openCategory=true&sz=96 HTTP/1.1" 302 None
2022-01-20 17:20:03,850 - urllib3.connectionpool - https://www.solebox.com:443 "GET /on/demandware.store/Sites-solebox-Site/en_IT/PX-Show?url=aHR0cHM6Ly93d3cuc29sZWJveC5jb20vb24vZGVtYW5kd2FyZS5zdG9yZS9TaXRlcy1zb2xlYm94LVNpdGUvZW5fSVQvU2VhcmNoLVNob3c%2FY2dpZD1mb290d2VhciZzcnVsZT1zdGFuZGFyZCZvcGVuQ2F0ZWdvcnk9dHJ1ZSZzej05Ng%3D%3D HTTP/1.1" 200 None
2022-01-20 17:20:03,853 - root - Successfully scraped site
2022-01-20 17:20:04,865 - urllib3.connectionpool - Starting new HTTPS connection (1): www.solebox.com:443
2022-01-20 17:20:05,063 - urllib3.connectionpool - https://www.solebox.com:443 "GET /en_IT/c/footwear?srule=standard&openCategory=true&sz=96 HTTP/1.1" 302 None
2022-01-20 17:20:05,176 - urllib3.connectionpool - https://www.solebox.com:443 "GET /on/demandware.store/Sites-solebox-Site/en_IT/PX-Show?url=aHR0cHM6Ly93d3cuc29sZWJveC5jb20vb24vZGVtYW5kd2FyZS5zdG9yZS9TaXRlcy1zb2xlYm94LVNpdGUvZW5fSVQvU2VhcmNoLVNob3c%2FY2dpZD1mb290d2VhciZzcnVsZT1zdGFuZGFyZCZvcGVuQ2F0ZWdvcnk9dHJ1ZSZzej05Ng%3D%3D HTTP/1.1" 200 None
2022-01-20 17:20:05,180 - root - Successfully scraped site
2022-01-20 17:20:06,197 - urllib3.connectionpool - Starting new HTTPS connection (1): www.solebox.com:443
2022-01-20 17:20:06,414 - urllib3.connectionpool - https://www.solebox.com:443 "GET /en_IT/c/footwear?srule=standard&openCategory=true&sz=96 HTTP/1.1" 302 None
2022-01-20 17:20:06,608 - urllib3.connectionpool - https://www.solebox.com:443 "GET /on/demandware.store/Sites-solebox-Site/en_IT/PX-Show?url=aHR0cHM6Ly93d3cuc29sZWJveC5jb20vb24vZGVtYW5kd2FyZS5zdG9yZS9TaXRlcy1zb2xlYm94LVNpdGUvZW5fSVQvU2VhcmNoLVNob3c%2FY2dpZD1mb290d2VhciZzcnVsZT1zdGFuZGFyZCZvcGVuQ2F0ZWdvcnk9dHJ1ZSZzej05Ng%3D%3D HTTP/1.1" 200 None
2022-01-20 17:20:06,613 - root - Successfully scraped site
2022-01-20 17:20:07,616 - urllib3.connectionpool - Starting new HTTPS connection (1): www.solebox.com:443
2022-01-20 17:20:07,911 - urllib3.connectionpool - https://www.solebox.com:443 "GET /en_IT/c/footwear?srule=standard&openCategory=true&sz=96 HTTP/1.1" 302 None
2022-01-20 17:20:08,021 - urllib3.connectionpool - https://www.solebox.com:443 "GET /on/demandware.store/Sites-solebox-Site/en_IT/PX-Show?url=aHR0cHM6Ly93d3cuc29sZWJveC5jb20vb24vZGVtYW5kd2FyZS5zdG9yZS9TaXRlcy1zb2xlYm94LVNpdGUvZW5fSVQvU2VhcmNoLVNob3c%2FY2dpZD1mb290d2VhciZzcnVsZT1zdGFuZGFyZCZvcGVuQ2F0ZWdvcnk9dHJ1ZSZzej05Ng%3D%3D HTTP/1.1" 200 None
2022-01-20 17:20:08,025 - root - Successfully scraped site
2022-01-20 17:20:09,037 - urllib3.connectionpool - Starting new HTTPS connection (1): www.solebox.com:443
2022-01-20 17:20:09,259 - urllib3.connectionpool - https://www.solebox.com:443 "GET /en_IT/c/footwear?srule=standard&openCategory=true&sz=96 HTTP/1.1" 302 None
2022-01-20 17:20:09,366 - urllib3.connectionpool - https://www.solebox.com:443 "GET /on/demandware.store/Sites-solebox-Site/en_IT/PX-Show?url=aHR0cHM6Ly93d3cuc29sZWJveC5jb20vb24vZGVtYW5kd2FyZS5zdG9yZS9TaXRlcy1zb2xlYm94LVNpdGUvZW5fSVQvU2VhcmNoLVNob3c%2FY2dpZD1mb290d2VhciZzcnVsZT1zdGFuZGFyZCZvcGVuQ2F0ZWdvcnk9dHJ1ZSZzej05Ng%3D%3D HTTP/1.1" 200 None
2022-01-20 17:20:09,373 - root - Successfully scraped site
2022-01-20 17:20:10,382 - urllib3.connectionpool - Starting new HTTPS connection (1): www.solebox.com:443
2022-01-20 17:20:10,697 - urllib3.connectionpool - https://www.solebox.com:443 "GET /en_IT/c/footwear?srule=standard&openCategory=true&sz=96 HTTP/1.1" 302 None
2022-01-20 17:20:10,892 - urllib3.connectionpool - https://www.solebox.com:443 "GET /on/demandware.store/Sites-solebox-Site/en_IT/PX-Show?url=aHR0cHM6Ly93d3cuc29sZWJveC5jb20vb24vZGVtYW5kd2FyZS5zdG9yZS9TaXRlcy1zb2xlYm94LVNpdGUvZW5fSVQvU2VhcmNoLVNob3c%2FY2dpZD1mb290d2VhciZzcnVsZT1zdGFuZGFyZCZvcGVuQ2F0ZWdvcnk9dHJ1ZSZzej05Ng%3D%3D HTTP/1.1" 200 None
2022-01-20 17:20:10,897 - root - Successfully scraped site
2022-01-20 17:20:11,913 - urllib3.connectionpool - Starting new HTTPS connection (1): www.solebox.com:443
2022-01-20 17:20:12,135 - urllib3.connectionpool - https://www.solebox.com:443 "GET /en_IT/c/footwear?srule=standard&openCategory=true&sz=96 HTTP/1.1" 302 None
2022-01-20 17:20:12,245 - urllib3.connectionpool - https://www.solebox.com:443 "GET /on/demandware.store/Sites-solebox-Site/en_IT/PX-Show?url=aHR0cHM6Ly93d3cuc29sZWJveC5jb20vb24vZGVtYW5kd2FyZS5zdG9yZS9TaXRlcy1zb2xlYm94LVNpdGUvZW5fSVQvU2VhcmNoLVNob3c%2FY2dpZD1mb290d2VhciZzcnVsZT1zdGFuZGFyZCZvcGVuQ2F0ZWdvcnk9dHJ1ZSZzej05Ng%3D%3D HTTP/1.1" 200 None
2022-01-20 17:20:12,249 - root - Successfully scraped site
2022-01-20 17:20:13,260 - urllib3.connectionpool - Starting new HTTPS connection (1): www.solebox.com:443
2022-01-20 17:20:13,583 - urllib3.connectionpool - https://www.solebox.com:443 "GET /en_IT/c/footwear?srule=standard&openCategory=true&sz=96 HTTP/1.1" 302 None
2022-01-20 17:20:13,710 - urllib3.connectionpool - https://www.solebox.com:443 "GET /on/demandware.store/Sites-solebox-Site/en_IT/PX-Show?url=aHR0cHM6Ly93d3cuc29sZWJveC5jb20vb24vZGVtYW5kd2FyZS5zdG9yZS9TaXRlcy1zb2xlYm94LVNpdGUvZW5fSVQvU2VhcmNoLVNob3c%2FY2dpZD1mb290d2VhciZzcnVsZT1zdGFuZGFyZCZvcGVuQ2F0ZWdvcnk9dHJ1ZSZzej05Ng%3D%3D HTTP/1.1" 200 None
2022-01-20 17:20:13,715 - root - Successfully scraped site
2022-01-20 17:20:14,729 - urllib3.connectionpool - Starting new HTTPS connection (1): www.solebox.com:443
2022-01-20 17:20:15,048 - urllib3.connectionpool - https://www.solebox.com:443 "GET /en_IT/c/footwear?srule=standard&openCategory=true&sz=96 HTTP/1.1" 302 None
2022-01-20 17:20:15,189 - urllib3.connectionpool - https://www.solebox.com:443 "GET /on/demandware.store/Sites-solebox-Site/en_IT/PX-Show?url=aHR0cHM6Ly93d3cuc29sZWJveC5jb20vb24vZGVtYW5kd2FyZS5zdG9yZS9TaXRlcy1zb2xlYm94LVNpdGUvZW5fSVQvU2VhcmNoLVNob3c%2FY2dpZD1mb290d2VhciZzcnVsZT1zdGFuZGFyZCZvcGVuQ2F0ZWdvcnk9dHJ1ZSZzej05Ng%3D%3D HTTP/1.1" 200 None
2022-01-20 17:20:15,193 - root - Successfully scraped site
2022-01-20 17:20:16,209 - urllib3.connectionpool - Starting new HTTPS connection (1): www.solebox.com:443
2022-01-20 17:20:16,490 - urllib3.connectionpool - https://www.solebox.com:443 "GET /en_IT/c/footwear?srule=standard&openCategory=true&sz=96 HTTP/1.1" 302 None
2022-01-20 17:20:16,610 - urllib3.connectionpool - https://www.solebox.com:443 "GET /on/demandware.store/Sites-solebox-Site/en_IT/PX-Show?url=aHR0cHM6Ly93d3cuc29sZWJveC5jb20vb24vZGVtYW5kd2FyZS5zdG9yZS9TaXRlcy1zb2xlYm94LVNpdGUvZW5fSVQvU2VhcmNoLVNob3c%2FY2dpZD1mb290d2VhciZzcnVsZT1zdGFuZGFyZCZvcGVuQ2F0ZWdvcnk9dHJ1ZSZzej05Ng%3D%3D HTTP/1.1" 200 None
2022-01-20 17:20:16,613 - root - Successfully scraped site
2022-01-20 17:20:17,616 - urllib3.connectionpool - Starting new HTTPS connection (1): www.solebox.com:443
2022-01-20 17:20:17,980 - urllib3.connectionpool - https://www.solebox.com:443 "GET /en_IT/c/footwear?srule=standard&openCategory=true&sz=96 HTTP/1.1" 302 None
2022-01-20 17:20:18,108 - urllib3.connectionpool - https://www.solebox.com:443 "GET /on/demandware.store/Sites-solebox-Site/en_IT/PX-Show?url=aHR0cHM6Ly93d3cuc29sZWJveC5jb20vb24vZGVtYW5kd2FyZS5zdG9yZS9TaXRlcy1zb2xlYm94LVNpdGUvZW5fSVQvU2VhcmNoLVNob3c%2FY2dpZD1mb290d2VhciZzcnVsZT1zdGFuZGFyZCZvcGVuQ2F0ZWdvcnk9dHJ1ZSZzej05Ng%3D%3D HTTP/1.1" 200 None
2022-01-20 17:20:18,115 - root - Successfully scraped site
2022-01-20 17:20:19,129 - urllib3.connectionpool - Starting new HTTPS connection (1): www.solebox.com:443
2022-01-20 17:20:19,384 - urllib3.connectionpool - https://www.solebox.com:443 "GET /en_IT/c/footwear?srule=standard&openCategory=true&sz=96 HTTP/1.1" 302 None
2022-01-20 17:20:19,566 - urllib3.connectionpool - https://www.solebox.com:443 "GET /on/demandware.store/Sites-solebox-Site/en_IT/PX-Show?url=aHR0cHM6Ly93d3cuc29sZWJveC5jb20vb24vZGVtYW5kd2FyZS5zdG9yZS9TaXRlcy1zb2xlYm94LVNpdGUvZW5fSVQvU2VhcmNoLVNob3c%2FY2dpZD1mb290d2VhciZzcnVsZT1zdGFuZGFyZCZvcGVuQ2F0ZWdvcnk9dHJ1ZSZzej05Ng%3D%3D HTTP/1.1" 200 None
2022-01-20 17:20:19,571 - root - Successfully scraped site
2022-01-20 17:20:20,580 - urllib3.connectionpool - Starting new HTTPS connection (1): www.solebox.com:443
2022-01-20 17:20:20,867 - urllib3.connectionpool - https://www.solebox.com:443 "GET /en_IT/c/footwear?srule=standard&openCategory=true&sz=96 HTTP/1.1" 302 None
2022-01-20 17:20:21,057 - urllib3.connectionpool - https://www.solebox.com:443 "GET /on/demandware.store/Sites-solebox-Site/en_IT/PX-Show?url=aHR0cHM6Ly93d3cuc29sZWJveC5jb20vb24vZGVtYW5kd2FyZS5zdG9yZS9TaXRlcy1zb2xlYm94LVNpdGUvZW5fSVQvU2VhcmNoLVNob3c%2FY2dpZD1mb290d2VhciZzcnVsZT1zdGFuZGFyZCZvcGVuQ2F0ZWdvcnk9dHJ1ZSZzej05Ng%3D%3D HTTP/1.1" 200 None
2022-01-20 17:20:21,061 - root - Successfully scraped site
2022-01-20 17:20:22,073 - urllib3.connectionpool - Starting new HTTPS connection (1): www.solebox.com:443
2022-01-20 17:20:22,364 - urllib3.connectionpool - https://www.solebox.com:443 "GET /en_IT/c/footwear?srule=standard&openCategory=true&sz=96 HTTP/1.1" 302 None
2022-01-20 17:20:22,479 - urllib3.connectionpool - https://www.solebox.com:443 "GET /on/demandware.store/Sites-solebox-Site/en_IT/PX-Show?url=aHR0cHM6Ly93d3cuc29sZWJveC5jb20vb24vZGVtYW5kd2FyZS5zdG9yZS9TaXRlcy1zb2xlYm94LVNpdGUvZW5fSVQvU2VhcmNoLVNob3c%2FY2dpZD1mb290d2VhciZzcnVsZT1zdGFuZGFyZCZvcGVuQ2F0ZWdvcnk9dHJ1ZSZzej05Ng%3D%3D HTTP/1.1" 200 None
2022-01-20 17:20:22,482 - root - Successfully scraped site
2022-01-20 17:20:23,488 - urllib3.connectionpool - Starting new HTTPS connection (1): www.solebox.com:443
2022-01-20 17:20:23,849 - urllib3.connectionpool - https://www.solebox.com:443 "GET /en_IT/c/footwear?srule=standard&openCategory=true&sz=96 HTTP/1.1" 302 None
2022-01-20 17:20:23,998 - urllib3.connectionpool - https://www.solebox.com:443 "GET /on/demandware.store/Sites-solebox-Site/en_IT/PX-Show?url=aHR0cHM6Ly93d3cuc29sZWJveC5jb20vb24vZGVtYW5kd2FyZS5zdG9yZS9TaXRlcy1zb2xlYm94LVNpdGUvZW5fSVQvU2VhcmNoLVNob3c%2FY2dpZD1mb290d2VhciZzcnVsZT1zdGFuZGFyZCZvcGVuQ2F0ZWdvcnk9dHJ1ZSZzej05Ng%3D%3D HTTP/1.1" 200 None
2022-01-20 17:20:24,005 - root - Successfully scraped site
2022-01-20 17:20:25,023 - urllib3.connectionpool - Starting new HTTPS connection (1): www.solebox.com:443
2022-01-20 17:20:25,406 - urllib3.connectionpool - https://www.solebox.com:443 "GET /en_IT/c/footwear?srule=standard&openCategory=true&sz=96 HTTP/1.1" 302 None
2022-01-20 17:20:25,521 - urllib3.connectionpool - https://www.solebox.com:443 "GET /on/demandware.store/Sites-solebox-Site/en_IT/PX-Show?url=aHR0cHM6Ly93d3cuc29sZWJveC5jb20vb24vZGVtYW5kd2FyZS5zdG9yZS9TaXRlcy1zb2xlYm94LVNpdGUvZW5fSVQvU2VhcmNoLVNob3c%2FY2dpZD1mb290d2VhciZzcnVsZT1zdGFuZGFyZCZvcGVuQ2F0ZWdvcnk9dHJ1ZSZzej05Ng%3D%3D HTTP/1.1" 200 None
2022-01-20 17:20:25,529 - root - Successfully scraped site
2022-01-20 17:20:26,537 - urllib3.connectionpool - Starting new HTTPS connection (1): www.solebox.com:443
2022-01-20 17:20:26,766 - urllib3.connectionpool - https://www.solebox.com:443 "GET /en_IT/c/footwear?srule=standard&openCategory=true&sz=96 HTTP/1.1" 302 None
2022-01-20 17:20:26,988 - urllib3.connectionpool - https://www.solebox.com:443 "GET /on/demandware.store/Sites-solebox-Site/en_IT/PX-Show?url=aHR0cHM6Ly93d3cuc29sZWJveC5jb20vb24vZGVtYW5kd2FyZS5zdG9yZS9TaXRlcy1zb2xlYm94LVNpdGUvZW5fSVQvU2VhcmNoLVNob3c%2FY2dpZD1mb290d2VhciZzcnVsZT1zdGFuZGFyZCZvcGVuQ2F0ZWdvcnk9dHJ1ZSZzej05Ng%3D%3D HTTP/1.1" 200 None
2022-01-20 17:20:26,993 - root - Successfully scraped site
2022-01-20 17:20:28,050 - urllib3.connectionpool - Starting new HTTPS connection (1): www.solebox.com:443
2022-01-20 17:20:28,290 - urllib3.connectionpool - https://www.solebox.com:443 "GET /en_IT/c/footwear?srule=standard&openCategory=true&sz=96 HTTP/1.1" 302 None
2022-01-20 17:20:28,391 - urllib3.connectionpool - https://www.solebox.com:443 "GET /on/demandware.store/Sites-solebox-Site/en_IT/PX-Show?url=aHR0cHM6Ly93d3cuc29sZWJveC5jb20vb24vZGVtYW5kd2FyZS5zdG9yZS9TaXRlcy1zb2xlYm94LVNpdGUvZW5fSVQvU2VhcmNoLVNob3c%2FY2dpZD1mb290d2VhciZzcnVsZT1zdGFuZGFyZCZvcGVuQ2F0ZWdvcnk9dHJ1ZSZzej05Ng%3D%3D HTTP/1.1" 200 None
2022-01-20 17:20:28,394 - root - Successfully scraped site
2022-01-20 17:20:29,406 - urllib3.connectionpool - Starting new HTTPS connection (1): www.solebox.com:443
2022-01-20 17:20:29,744 - urllib3.connectionpool - https://www.solebox.com:443 "GET /en_IT/c/footwear?srule=standard&openCategory=true&sz=96 HTTP/1.1" 302 None
2022-01-20 17:20:29,862 - urllib3.connectionpool - https://www.solebox.com:443 "GET /on/demandware.store/Sites-solebox-Site/en_IT/PX-Show?url=aHR0cHM6Ly93d3cuc29sZWJveC5jb20vb24vZGVtYW5kd2FyZS5zdG9yZS9TaXRlcy1zb2xlYm94LVNpdGUvZW5fSVQvU2VhcmNoLVNob3c%2FY2dpZD1mb290d2VhciZzcnVsZT1zdGFuZGFyZCZvcGVuQ2F0ZWdvcnk9dHJ1ZSZzej05Ng%3D%3D HTTP/1.1" 200 None
2022-01-20 17:20:29,865 - root - Successfully scraped site
2022-01-20 17:20:30,881 - urllib3.connectionpool - Starting new HTTPS connection (1): www.solebox.com:443
2022-01-20 17:20:31,201 - urllib3.connectionpool - https://www.solebox.com:443 "GET /en_IT/c/footwear?srule=standard&openCategory=true&sz=96 HTTP/1.1" 302 None
2022-01-20 17:20:31,311 - urllib3.connectionpool - https://www.solebox.com:443 "GET /on/demandware.store/Sites-solebox-Site/en_IT/PX-Show?url=aHR0cHM6Ly93d3cuc29sZWJveC5jb20vb24vZGVtYW5kd2FyZS5zdG9yZS9TaXRlcy1zb2xlYm94LVNpdGUvZW5fSVQvU2VhcmNoLVNob3c%2FY2dpZD1mb290d2VhciZzcnVsZT1zdGFuZGFyZCZvcGVuQ2F0ZWdvcnk9dHJ1ZSZzej05Ng%3D%3D HTTP/1.1" 200 None
2022-01-20 17:20:31,314 - root - Successfully scraped site
2022-01-20 17:20:32,324 - urllib3.connectionpool - Starting new HTTPS connection (1): www.solebox.com:443
2022-01-20 17:20:32,547 - urllib3.connectionpool - https://www.solebox.com:443 "GET /en_IT/c/footwear?srule=standard&openCategory=true&sz=96 HTTP/1.1" 302 None
2022-01-20 17:20:32,651 - urllib3.connectionpool - https://www.solebox.com:443 "GET /on/demandware.store/Sites-solebox-Site/en_IT/PX-Show?url=aHR0cHM6Ly93d3cuc29sZWJveC5jb20vb24vZGVtYW5kd2FyZS5zdG9yZS9TaXRlcy1zb2xlYm94LVNpdGUvZW5fSVQvU2VhcmNoLVNob3c%2FY2dpZD1mb290d2VhciZzcnVsZT1zdGFuZGFyZCZvcGVuQ2F0ZWdvcnk9dHJ1ZSZzej05Ng%3D%3D HTTP/1.1" 200 None
2022-01-20 17:20:32,656 - root - Successfully scraped site
2022-01-20 17:20:33,664 - urllib3.connectionpool - Starting new HTTPS connection (1): www.solebox.com:443
2022-01-20 17:20:33,962 - urllib3.connectionpool - https://www.solebox.com:443 "GET /en_IT/c/footwear?srule=standard&openCategory=true&sz=96 HTTP/1.1" 302 None
2022-01-20 17:20:34,057 - urllib3.connectionpool - https://www.solebox.com:443 "GET /on/demandware.store/Sites-solebox-Site/en_IT/PX-Show?url=aHR0cHM6Ly93d3cuc29sZWJveC5jb20vb24vZGVtYW5kd2FyZS5zdG9yZS9TaXRlcy1zb2xlYm94LVNpdGUvZW5fSVQvU2VhcmNoLVNob3c%2FY2dpZD1mb290d2VhciZzcnVsZT1zdGFuZGFyZCZvcGVuQ2F0ZWdvcnk9dHJ1ZSZzej05Ng%3D%3D HTTP/1.1" 200 None
2022-01-20 17:20:34,061 - root - Successfully scraped site
2022-01-20 17:20:35,070 - urllib3.connectionpool - Starting new HTTPS connection (1): www.solebox.com:443
2022-01-20 17:20:35,364 - urllib3.connectionpool - https://www.solebox.com:443 "GET /en_IT/c/footwear?srule=standard&openCategory=true&sz=96 HTTP/1.1" 302 None
2022-01-20 17:20:35,467 - urllib3.connectionpool - https://www.solebox.com:443 "GET /on/demandware.store/Sites-solebox-Site/en_IT/PX-Show?url=aHR0cHM6Ly93d3cuc29sZWJveC5jb20vb24vZGVtYW5kd2FyZS5zdG9yZS9TaXRlcy1zb2xlYm94LVNpdGUvZW5fSVQvU2VhcmNoLVNob3c%2FY2dpZD1mb290d2VhciZzcnVsZT1zdGFuZGFyZCZvcGVuQ2F0ZWdvcnk9dHJ1ZSZzej05Ng%3D%3D HTTP/1.1" 200 None
2022-01-20 17:20:35,472 - root - Successfully scraped site
2022-01-20 17:20:36,490 - urllib3.connectionpool - Starting new HTTPS connection (1): www.solebox.com:443
2022-01-20 17:20:36,712 - urllib3.connectionpool - https://www.solebox.com:443 "GET /en_IT/c/footwear?srule=standard&openCategory=true&sz=96 HTTP/1.1" 302 None
2022-01-20 17:20:36,808 - urllib3.connectionpool - https://www.solebox.com:443 "GET /on/demandware.store/Sites-solebox-Site/en_IT/PX-Show?url=aHR0cHM6Ly93d3cuc29sZWJveC5jb20vb24vZGVtYW5kd2FyZS5zdG9yZS9TaXRlcy1zb2xlYm94LVNpdGUvZW5fSVQvU2VhcmNoLVNob3c%2FY2dpZD1mb290d2VhciZzcnVsZT1zdGFuZGFyZCZvcGVuQ2F0ZWdvcnk9dHJ1ZSZzej05Ng%3D%3D HTTP/1.1" 200 None
2022-01-20 17:20:36,813 - root - Successfully scraped site
2022-01-20 17:20:37,826 - urllib3.connectionpool - Starting new HTTPS connection (1): www.solebox.com:443
2022-01-20 17:20:38,032 - urllib3.connectionpool - https://www.solebox.com:443 "GET /en_IT/c/footwear?srule=standard&openCategory=true&sz=96 HTTP/1.1" 302 None
2022-01-20 17:20:38,126 - urllib3.connectionpool - https://www.solebox.com:443 "GET /on/demandware.store/Sites-solebox-Site/en_IT/PX-Show?url=aHR0cHM6Ly93d3cuc29sZWJveC5jb20vb24vZGVtYW5kd2FyZS5zdG9yZS9TaXRlcy1zb2xlYm94LVNpdGUvZW5fSVQvU2VhcmNoLVNob3c%2FY2dpZD1mb290d2VhciZzcnVsZT1zdGFuZGFyZCZvcGVuQ2F0ZWdvcnk9dHJ1ZSZzej05Ng%3D%3D HTTP/1.1" 200 None
2022-01-20 17:20:38,129 - root - Successfully scraped site
2022-01-20 17:20:39,142 - urllib3.connectionpool - Starting new HTTPS connection (1): www.solebox.com:443
2022-01-20 17:20:39,342 - urllib3.connectionpool - https://www.solebox.com:443 "GET /en_IT/c/footwear?srule=standard&openCategory=true&sz=96 HTTP/1.1" 302 None
2022-01-20 17:20:39,455 - urllib3.connectionpool - https://www.solebox.com:443 "GET /on/demandware.store/Sites-solebox-Site/en_IT/PX-Show?url=aHR0cHM6Ly93d3cuc29sZWJveC5jb20vb24vZGVtYW5kd2FyZS5zdG9yZS9TaXRlcy1zb2xlYm94LVNpdGUvZW5fSVQvU2VhcmNoLVNob3c%2FY2dpZD1mb290d2VhciZzcnVsZT1zdGFuZGFyZCZvcGVuQ2F0ZWdvcnk9dHJ1ZSZzej05Ng%3D%3D HTTP/1.1" 200 None
2022-01-20 17:20:39,459 - root - Successfully scraped site
2022-01-20 17:20:40,460 - urllib3.connectionpool - Starting new HTTPS connection (1): www.solebox.com:443
2022-01-20 17:20:40,775 - urllib3.connectionpool - https://www.solebox.com:443 "GET /en_IT/c/footwear?srule=standard&openCategory=true&sz=96 HTTP/1.1" 302 None
2022-01-20 17:20:40,898 - urllib3.connectionpool - https://www.solebox.com:443 "GET /on/demandware.store/Sites-solebox-Site/en_IT/PX-Show?url=aHR0cHM6Ly93d3cuc29sZWJveC5jb20vb24vZGVtYW5kd2FyZS5zdG9yZS9TaXRlcy1zb2xlYm94LVNpdGUvZW5fSVQvU2VhcmNoLVNob3c%2FY2dpZD1mb290d2VhciZzcnVsZT1zdGFuZGFyZCZvcGVuQ2F0ZWdvcnk9dHJ1ZSZzej05Ng%3D%3D HTTP/1.1" 200 None
2022-01-20 17:20:40,902 - root - Successfully scraped site
2022-01-20 17:20:41,914 - urllib3.connectionpool - Starting new HTTPS connection (1): www.solebox.com:443
2022-01-20 17:20:42,175 - urllib3.connectionpool - https://www.solebox.com:443 "GET /en_IT/c/footwear?srule=standard&openCategory=true&sz=96 HTTP/1.1" 302 None
2022-01-20 17:20:42,275 - urllib3.connectionpool - https://www.solebox.com:443 "GET /on/demandware.store/Sites-solebox-Site/en_IT/PX-Show?url=aHR0cHM6Ly93d3cuc29sZWJveC5jb20vb24vZGVtYW5kd2FyZS5zdG9yZS9TaXRlcy1zb2xlYm94LVNpdGUvZW5fSVQvU2VhcmNoLVNob3c%2FY2dpZD1mb290d2VhciZzcnVsZT1zdGFuZGFyZCZvcGVuQ2F0ZWdvcnk9dHJ1ZSZzej05Ng%3D%3D HTTP/1.1" 200 None
2022-01-20 17:20:42,279 - root - Successfully scraped site
2022-01-20 17:20:43,288 - urllib3.connectionpool - Starting new HTTPS connection (1): www.solebox.com:443
2022-01-20 17:20:43,510 - urllib3.connectionpool - https://www.solebox.com:443 "GET /en_IT/c/footwear?srule=standard&openCategory=true&sz=96 HTTP/1.1" 302 None
2022-01-20 17:20:43,600 - urllib3.connectionpool - https://www.solebox.com:443 "GET /on/demandware.store/Sites-solebox-Site/en_IT/PX-Show?url=aHR0cHM6Ly93d3cuc29sZWJveC5jb20vb24vZGVtYW5kd2FyZS5zdG9yZS9TaXRlcy1zb2xlYm94LVNpdGUvZW5fSVQvU2VhcmNoLVNob3c%2FY2dpZD1mb290d2VhciZzcnVsZT1zdGFuZGFyZCZvcGVuQ2F0ZWdvcnk9dHJ1ZSZzej05Ng%3D%3D HTTP/1.1" 200 None
2022-01-20 17:20:43,604 - root - Successfully scraped site
2022-01-20 17:20:44,612 - urllib3.connectionpool - Starting new HTTPS connection (1): www.solebox.com:443
2022-01-20 17:20:44,837 - urllib3.connectionpool - https://www.solebox.com:443 "GET /en_IT/c/footwear?srule=standard&openCategory=true&sz=96 HTTP/1.1" 302 None
2022-01-20 17:20:44,978 - urllib3.connectionpool - https://www.solebox.com:443 "GET /on/demandware.store/Sites-solebox-Site/en_IT/PX-Show?url=aHR0cHM6Ly93d3cuc29sZWJveC5jb20vb24vZGVtYW5kd2FyZS5zdG9yZS9TaXRlcy1zb2xlYm94LVNpdGUvZW5fSVQvU2VhcmNoLVNob3c%2FY2dpZD1mb290d2VhciZzcnVsZT1zdGFuZGFyZCZvcGVuQ2F0ZWdvcnk9dHJ1ZSZzej05Ng%3D%3D HTTP/1.1" 200 None
2022-01-20 17:20:44,982 - root - Successfully scraped site
2022-01-20 17:20:45,992 - urllib3.connectionpool - Starting new HTTPS connection (1): www.solebox.com:443
2022-01-20 17:20:46,326 - urllib3.connectionpool - https://www.solebox.com:443 "GET /en_IT/c/footwear?srule=standard&openCategory=true&sz=96 HTTP/1.1" 302 None
2022-01-20 17:20:46,452 - urllib3.connectionpool - https://www.solebox.com:443 "GET /on/demandware.store/Sites-solebox-Site/en_IT/PX-Show?url=aHR0cHM6Ly93d3cuc29sZWJveC5jb20vb24vZGVtYW5kd2FyZS5zdG9yZS9TaXRlcy1zb2xlYm94LVNpdGUvZW5fSVQvU2VhcmNoLVNob3c%2FY2dpZD1mb290d2VhciZzcnVsZT1zdGFuZGFyZCZvcGVuQ2F0ZWdvcnk9dHJ1ZSZzej05Ng%3D%3D HTTP/1.1" 200 None
2022-01-20 17:20:46,456 - root - Successfully scraped site
2022-01-20 17:20:47,473 - urllib3.connectionpool - Starting new HTTPS connection (1): www.solebox.com:443
2022-01-20 17:20:47,834 - urllib3.connectionpool - https://www.solebox.com:443 "GET /en_IT/c/footwear?srule=standard&openCategory=true&sz=96 HTTP/1.1" 302 None
2022-01-20 17:20:47,947 - urllib3.connectionpool - https://www.solebox.com:443 "GET /on/demandware.store/Sites-solebox-Site/en_IT/PX-Show?url=aHR0cHM6Ly93d3cuc29sZWJveC5jb20vb24vZGVtYW5kd2FyZS5zdG9yZS9TaXRlcy1zb2xlYm94LVNpdGUvZW5fSVQvU2VhcmNoLVNob3c%2FY2dpZD1mb290d2VhciZzcnVsZT1zdGFuZGFyZCZvcGVuQ2F0ZWdvcnk9dHJ1ZSZzej05Ng%3D%3D HTTP/1.1" 200 None
2022-01-20 17:20:47,951 - root - Successfully scraped site
2022-01-20 17:20:48,961 - urllib3.connectionpool - Starting new HTTPS connection (1): www.solebox.com:443
2022-01-20 17:20:49,175 - urllib3.connectionpool - https://www.solebox.com:443 "GET /en_IT/c/footwear?srule=standard&openCategory=true&sz=96 HTTP/1.1" 302 None
2022-01-20 17:20:49,270 - urllib3.connectionpool - https://www.solebox.com:443 "GET /on/demandware.store/Sites-solebox-Site/en_IT/PX-Show?url=aHR0cHM6Ly93d3cuc29sZWJveC5jb20vb24vZGVtYW5kd2FyZS5zdG9yZS9TaXRlcy1zb2xlYm94LVNpdGUvZW5fSVQvU2VhcmNoLVNob3c%2FY2dpZD1mb290d2VhciZzcnVsZT1zdGFuZGFyZCZvcGVuQ2F0ZWdvcnk9dHJ1ZSZzej05Ng%3D%3D HTTP/1.1" 200 None
2022-01-20 17:20:49,277 - root - Successfully scraped site
2022-01-20 17:20:50,293 - urllib3.connectionpool - Starting new HTTPS connection (1): www.solebox.com:443
2022-01-20 17:20:50,581 - urllib3.connectionpool - https://www.solebox.com:443 "GET /en_IT/c/footwear?srule=standard&openCategory=true&sz=96 HTTP/1.1" 302 None
2022-01-20 17:20:50,690 - urllib3.connectionpool - https://www.solebox.com:443 "GET /on/demandware.store/Sites-solebox-Site/en_IT/PX-Show?url=aHR0cHM6Ly93d3cuc29sZWJveC5jb20vb24vZGVtYW5kd2FyZS5zdG9yZS9TaXRlcy1zb2xlYm94LVNpdGUvZW5fSVQvU2VhcmNoLVNob3c%2FY2dpZD1mb290d2VhciZzcnVsZT1zdGFuZGFyZCZvcGVuQ2F0ZWdvcnk9dHJ1ZSZzej05Ng%3D%3D HTTP/1.1" 200 None
2022-01-20 17:20:50,693 - root - Successfully scraped site
